2026-05-13 21:58:30,568 | INFO    | ╔══════════════════════════════════════════════════════════╗
2026-05-13 21:58:30,568 | INFO    | ║     PREPROCESSING PIPELINE — CCTV BUAH BATU BANDUNG    ║
2026-05-13 21:58:30,568 | INFO    | ╚══════════════════════════════════════════════════════════╝
2026-05-13 21:58:30,568 | INFO    | Data source : D:\Semester 6\Capstone\Data
2026-05-13 21:58:30,568 | INFO    | Output      : D:\Semester 6\Capstone\Data_Preprocessed
2026-05-13 21:58:30,568 | INFO    | Mode        : Preview
2026-05-13 21:58:30,568 | INFO    | 
2026-05-13 21:58:30,568 | INFO    | ============================================================
2026-05-13 21:58:30,568 | INFO    | 📍 Memproses: Bubat Barat (bubat_barat)
2026-05-13 21:58:30,568 | INFO    |    Folder: D:\Semester 6\Capstone\Data\bubat barat
2026-05-13 21:58:30,568 | INFO    | ============================================================
2026-05-13 21:58:30,570 | INFO    | 
   🕐 Waktu: PAGI — 558 gambar
2026-05-13 21:58:30,571 | INFO    |    📋 Mode preview: 3 gambar sampel
2026-05-13 21:58:30,723 | INFO    |    🔍 Preview saved: preview_pagi_00_BubatBrt_20260512_225046.jpg
2026-05-13 21:58:30,812 | INFO    |    🔍 Preview saved: preview_pagi_01_BubatBrt_20260513_020901.jpg
2026-05-13 21:58:30,921 | INFO    |    🔍 Preview saved: preview_pagi_02_BubatBrt_20260513_055037.jpg
2026-05-13 21:58:30,922 | INFO    |    ✅ PAGI selesai: 3 diproses, 0 error
2026-05-13 21:58:30,924 | INFO    | 
   🕐 Waktu: MALAM — 652 gambar
2026-05-13 21:58:30,924 | INFO    |    📋 Mode preview: 3 gambar sampel
2026-05-13 21:58:31,911 | INFO    |    🔍 Preview saved: preview_malam_00_BubatBrt_20260512_154625.jpg
2026-05-13 21:58:32,834 | INFO    |    🔍 Preview saved: preview_malam_01_BubatBrt_20260512_191549.jpg
2026-05-13 21:58:33,753 | INFO    |    🔍 Preview saved: preview_malam_02_BubatBrt_20260512_225007.jpg
2026-05-13 21:58:33,754 | INFO    |    ✅ MALAM selesai: 3 diproses, 0 error
2026-05-13 21:58:33,754 | INFO    | 
============================================================
2026-05-13 21:58:33,754 | INFO    | 📊 RINGKASAN PREPROCESSING
2026-05-13 21:58:33,754 | INFO    | ============================================================
2026-05-13 21:58:33,754 | INFO    |    ✅ bubat_barat: 6 gambar diproses, 0 error (3.2s)
2026-05-13 21:58:33,754 | INFO    | 
   TOTAL: 6/1210 gambar diproses, 0 error
2026-05-13 21:58:33,754 | INFO    |    Waktu total: 3.2 detik
2026-05-13 21:58:33,754 | INFO    | 
   🔍 Preview disimpan di: D:\Semester 6\Capstone\Data_Preprocessed\_preview
2026-05-13 21:58:33,754 | INFO    | 
✨ Preprocessing selesai!
