[2026-05-01 09:36:50] INFO | baseline | ============================================================
[2026-05-01 09:36:50] INFO | baseline | BASELINE COCO VALIDATION — Buah Batu Traffic
[2026-05-01 09:36:50] INFO | baseline | ============================================================
[2026-05-01 09:36:50] INFO | baseline | 
📌 1/3 Inference dengan COCO pre-trained
[2026-05-01 09:36:52] INFO | baseline | Loading YOLOv8m COCO pre-trained...
[2026-05-01 09:36:52] INFO | baseline | Running inference on 20 test images...
[2026-05-01 09:36:53] INFO | baseline |   BubatBarat_20260315_081650_jpg.rf.6a7f5415153c8210f011cd295b2d5f0d.jpg: 0 vehicles, 5 total detections
[2026-05-01 09:36:53] INFO | baseline |   BubatBarat_20260315_083111_jpg.rf.ec65654bd0f8aa4a04f3c18fc0b90f8f.jpg: 9 vehicles, 27 total detections
[2026-05-01 09:36:53] INFO | baseline |   BubatSel_20260315_081219_jpg.rf.2727e35978a2100e46737df662145a1b.jpg: 18 vehicles, 19 total detections
[2026-05-01 09:36:53] INFO | baseline |   BubatSel_20260315_081359_jpg.rf.4f8509afd5203781d483a44d095f7750.jpg: 15 vehicles, 18 total detections
[2026-05-01 09:36:53] INFO | baseline |   BubatSel_20260315_091645_jpg.rf.75d3c7acfa7d70668e207ae64e897ff8.jpg: 17 vehicles, 21 total detections
[2026-05-01 09:36:53] INFO | baseline |   BubatSel_20260315_093707_jpg.rf.a99856615da6d1ccd56e7e865eb993ab.jpg: 24 vehicles, 26 total detections
[2026-05-01 09:36:53] INFO | baseline |   BubatSel_20260315_094515_jpg.rf.e68229666e72fababbeec9ac78eb05d1.jpg: 19 vehicles, 32 total detections
[2026-05-01 09:36:53] INFO | baseline |   BubatSel_20260315_094647_jpg.rf.8f4beb47338d3a9fbcc6047457d0e05e.jpg: 15 vehicles, 20 total detections
[2026-05-01 09:36:53] INFO | baseline |   BubatSel_20260315_095437_jpg.rf.c8d5d95793a541a853c091a55b427586.jpg: 15 vehicles, 19 total detections
[2026-05-01 09:36:53] INFO | baseline |   BubatSel_20260315_183625_jpg.rf.1141be965a254f9e614eeb259ab7d6c4.jpg: 1 vehicles, 1 total detections
[2026-05-01 09:36:53] INFO | baseline |   BubatSel_20260315_184419_jpg.rf.6dc55e2f9b6a2ab5b053bd41d33f3c2c.jpg: 0 vehicles, 0 total detections
[2026-05-01 09:36:53] INFO | baseline |   BubatSel_20260315_185800_jpg.rf.849b7033e29cd2f82b7c0dfc62a2ecf0.jpg: 1 vehicles, 2 total detections
[2026-05-01 09:36:53] INFO | baseline |   BubatSel_20260315_192921_jpg.rf.7019c6bf6909c82040d91362d025a797.jpg: 0 vehicles, 1 total detections
[2026-05-01 09:36:53] INFO | baseline |   BubatSel_20260315_193917_jpg.rf.e9e0e6746f9fa415c6cd803367fa968f.jpg: 0 vehicles, 0 total detections
[2026-05-01 09:36:53] INFO | baseline |   BubatSel_20260315_200033_jpg.rf.b393ec9a2cdd43b73af4d703e3dd9783.jpg: 1 vehicles, 2 total detections
[2026-05-01 09:36:53] INFO | baseline |   BubatSel_20260315_201047_jpg.rf.cca2e559dd3f896ece399027104cb004.jpg: 1 vehicles, 1 total detections
[2026-05-01 09:36:54] INFO | baseline |   BubatSel_20260315_202302_jpg.rf.adfe088a4dec077a0f2d36938bf2208a.jpg: 0 vehicles, 0 total detections
[2026-05-01 09:36:54] INFO | baseline |   BubatSel_20260318_064238_jpg.rf.3cdb1c2e6fc79bd90b29667e6a72b7ec.jpg: 12 vehicles, 12 total detections
[2026-05-01 09:36:54] INFO | baseline |   BubatSel_20260318_072152_jpg.rf.aea4798347531d0c1641ff55d39f5f3a.jpg: 15 vehicles, 19 total detections
[2026-05-01 09:36:54] INFO | baseline |   BubatSel_20260318_072538_jpg.rf.79f7a66e73972925fe941a0d25bf0931.jpg: 15 vehicles, 29 total detections
[2026-05-01 09:36:54] INFO | baseline | 
📌 2/3 Perbandingan vs Ground Truth
[2026-05-01 09:36:54] INFO | baseline | 
📊 Perbandingan COCO baseline vs Ground Truth:
[2026-05-01 09:36:54] INFO | baseline | -------------------------------------------------------
[2026-05-01 09:36:54] INFO | baseline | Image                            GT Objects   COCO Det
[2026-05-01 09:36:54] INFO | baseline | -------------------------------------------------------
[2026-05-01 09:36:54] INFO | baseline | 
Total GT objects across 20 images: 224
[2026-05-01 09:36:54] INFO | baseline | ⚠️  COCO model tidak mengenal kelas spesifik Buah Batu
[2026-05-01 09:36:54] INFO | baseline |     (Bis mini, Truk berat, Truk menengah, Truk ringan)
[2026-05-01 09:36:54] INFO | baseline | →  Fine-tuning WAJIB dilakukan untuk akurasi optimal!
[2026-05-01 09:36:54] INFO | baseline | 
📌 3/3 Analisis Sudut Kamera Miring
[2026-05-01 09:36:54] INFO | baseline | 
📐 Analisis Sudut Kamera Miring
[2026-05-01 09:36:54] INFO | baseline | --------------------------------------------------
[2026-05-01 09:36:54] INFO | baseline |   Rata-rata confidence COCO: 0.494
[2026-05-01 09:36:54] INFO | baseline |   Total deteksi kendaraan: 183
[2026-05-01 09:36:54] INFO | baseline |   Confidence atas (jauh): 0.458
[2026-05-01 09:36:54] INFO | baseline |   Confidence bawah (dekat): 0.588
[2026-05-01 09:36:54] INFO | baseline |   → Objek jauh (atas frame) biasanya confidence lebih rendah
[2026-05-01 09:36:54] INFO | baseline |     karena sudut kamera miring + objek lebih kecil
[2026-05-01 09:36:54] INFO | baseline | 
============================================================
[2026-05-01 09:36:54] INFO | baseline | 📝 KESIMPULAN BASELINE:
[2026-05-01 09:36:54] INFO | baseline |   1. COCO model hanya mengenal 4 kelas kendaraan generik
[2026-05-01 09:36:54] INFO | baseline |   2. Kelas spesifik (Bis mini, Truk berat/menengah/ringan) MISSED
[2026-05-01 09:36:54] INFO | baseline |   3. Sudut kamera miring menurunkan confidence objek jauh
[2026-05-01 09:36:54] INFO | baseline |   4. Fine-tuning pada dataset Buah Batu WAJIB
[2026-05-01 09:36:54] INFO | baseline | ============================================================
[2026-05-01 09:36:54] INFO | baseline | Next: python scripts/03_train_buahbatu.py
