[2026-05-01 10:44:28] INFO | evaluate | ============================================================
[2026-05-01 10:44:28] INFO | evaluate | MODEL EVALUATION — Buah Batu Fine-Tuned
[2026-05-01 10:44:28] INFO | evaluate | ============================================================
[2026-05-01 10:44:28] INFO | evaluate | Using model: d:\Semester 6\Capstone\runs\buahbatu_v1\weights\best.pt
[2026-05-01 10:44:28] INFO | evaluate | 
📌 1/3 Validation Metrics
[2026-05-01 10:44:30] INFO | evaluate | 📊 Running validation on test set...
[2026-05-01 10:44:49] INFO | evaluate | 
==================================================
[2026-05-01 10:44:49] INFO | evaluate |   mAP@50:      0.4291
[2026-05-01 10:44:49] INFO | evaluate |   mAP@50-95:   0.3430
[2026-05-01 10:44:49] INFO | evaluate |   Precision:   0.6226
[2026-05-01 10:44:49] INFO | evaluate |   Recall:      0.4704
[2026-05-01 10:44:49] INFO | evaluate | 
  Per-class mAP@50:
[2026-05-01 10:44:49] INFO | evaluate |     ⚠️ Bis mini          : 0.4205
[2026-05-01 10:44:49] INFO | evaluate |     ⚠️ Manusia           : 0.0000
[2026-05-01 10:44:49] INFO | evaluate |     ✅ Mobil             : 0.7180
[2026-05-01 10:44:49] INFO | evaluate |     ⚠️ Motor             : 0.4670
[2026-05-01 10:44:49] INFO | evaluate |     ✅ Truk berat        : 0.5101
[2026-05-01 10:44:49] INFO | evaluate |     ⚠️ Truk menengah     : 0.1903
[2026-05-01 10:44:49] INFO | evaluate |     ⚠️ Truk ringan       : 0.4383
[2026-05-01 10:44:49] INFO | evaluate |     ⚠️ bus               : 0.0000
[2026-05-01 10:44:49] INFO | evaluate | 
📌 2/3 False Positive Analysis
[2026-05-01 10:44:49] INFO | evaluate | 
🔍 Analisis False Positive (Motor Berdekatan)
[2026-05-01 10:44:49] INFO | evaluate | --------------------------------------------------
[2026-05-01 10:44:50] INFO | evaluate |   Motor pairs dengan IoU 0.3-0.6: 35
[2026-05-01 10:44:50] INFO | evaluate |   → Ini adalah area rawan false positive/duplicate
[2026-05-01 10:44:50] WARNING | evaluate |   ⚠️  Banyak motor berdekatan! Rekomendasi:
[2026-05-01 10:44:50] WARNING | evaluate |      - Naikkan NMS IoU threshold (0.6 → 0.7)
[2026-05-01 10:44:50] WARNING | evaluate |      - Atau naikkan conf threshold (0.25 → 0.35)
[2026-05-01 10:44:50] INFO | evaluate | 
📌 3/3 Object Size Analysis
[2026-05-01 10:44:50] INFO | evaluate | 
📏 Analisis per Ukuran Objek
[2026-05-01 10:44:50] INFO | evaluate | --------------------------------------------------
