[2026-05-02 12:59:07] INFO | evaluate | ============================================================
[2026-05-02 12:59:07] INFO | evaluate | MODEL EVALUATION — Buah Batu Fine-Tuned
[2026-05-02 12:59:07] INFO | evaluate | ============================================================
[2026-05-02 12:59:07] INFO | evaluate | Using model: d:\Semester 6\Capstone\runs\buahbatu_v1\weights\best.pt
[2026-05-02 12:59:07] INFO | evaluate | 
📌 1/3 Validation Metrics
[2026-05-02 12:59:14] INFO | evaluate | 📊 Running validation on test set...
[2026-05-02 12:59:33] INFO | evaluate | 
==================================================
[2026-05-02 12:59:33] INFO | evaluate |   mAP@50:      0.4291
[2026-05-02 12:59:33] INFO | evaluate |   mAP@50-95:   0.3430
[2026-05-02 12:59:33] INFO | evaluate |   Precision:   0.6226
[2026-05-02 12:59:33] INFO | evaluate |   Recall:      0.4704
[2026-05-02 12:59:33] INFO | evaluate | 
  Per-class mAP@50:
[2026-05-02 12:59:33] INFO | evaluate |     ⚠️ Bis mini          : 0.4205
[2026-05-02 12:59:33] INFO | evaluate |     ⚠️ Manusia           : 0.0000
[2026-05-02 12:59:33] INFO | evaluate |     ✅ Mobil             : 0.7180
[2026-05-02 12:59:33] INFO | evaluate |     ⚠️ Motor             : 0.4670
[2026-05-02 12:59:33] INFO | evaluate |     ✅ Truk berat        : 0.5101
[2026-05-02 12:59:33] INFO | evaluate |     ⚠️ Truk menengah     : 0.1903
[2026-05-02 12:59:33] INFO | evaluate |     ⚠️ Truk ringan       : 0.4383
[2026-05-02 12:59:33] INFO | evaluate |     ⚠️ bus               : 0.0000
[2026-05-02 12:59:33] INFO | evaluate | 
📌 2/3 False Positive Analysis
[2026-05-02 12:59:33] INFO | evaluate | 
🔍 Analisis False Positive (Motor Berdekatan)
[2026-05-02 12:59:33] INFO | evaluate | --------------------------------------------------
[2026-05-02 12:59:34] INFO | evaluate |   Motor pairs dengan IoU 0.3-0.6: 35
[2026-05-02 12:59:34] INFO | evaluate |   → Ini adalah area rawan false positive/duplicate
[2026-05-02 12:59:34] WARNING | evaluate |   ⚠️  Banyak motor berdekatan! Rekomendasi:
[2026-05-02 12:59:34] WARNING | evaluate |      - Naikkan NMS IoU threshold (0.6 → 0.7)
[2026-05-02 12:59:34] WARNING | evaluate |      - Atau naikkan conf threshold (0.25 → 0.35)
[2026-05-02 12:59:34] INFO | evaluate | 
📌 3/3 Object Size Analysis
[2026-05-02 12:59:34] INFO | evaluate | 
📏 Analisis per Ukuran Objek
[2026-05-02 12:59:34] INFO | evaluate | --------------------------------------------------
[2026-05-02 12:59:35] INFO | evaluate |   small   :   840 (60.3%)
[2026-05-02 12:59:35] INFO | evaluate |   medium  :   394 (28.3%)
[2026-05-02 12:59:35] INFO | evaluate |   large   :   158 (11.4%)
[2026-05-02 12:59:35] INFO | evaluate | 
  💡 Tips berdasarkan distribusi ukuran:
[2026-05-02 12:59:35] INFO | evaluate |   → Banyak objek kecil: Gunakan imgsz=880+, box_loss=7.5+
[2026-05-02 12:59:35] INFO | evaluate | 
============================================================
[2026-05-02 12:59:35] INFO | evaluate | ✅ Evaluation complete! Check outputs/fp_analysis/
[2026-05-02 12:59:35] INFO | evaluate | Next: python scripts/05_track_and_count.py --source <video>
[2026-05-02 12:59:35] INFO | evaluate | ============================================================
