[2026-05-01 09:38:33] INFO | train | ============================================================
[2026-05-01 09:38:33] INFO | train | FINE-TUNING YOLOv8 — Dataset Buah Batu
[2026-05-01 09:38:33] INFO | train | ============================================================
[2026-05-01 09:38:33] INFO | train | Loading pre-trained: yolov8m.pt
[2026-05-01 09:38:33] INFO | train | 
📋 Training Configuration:
[2026-05-01 09:38:33] INFO | train |   data: d:\Semester 6\Capstone\data.yaml
[2026-05-01 09:38:33] INFO | train |   imgsz: 880
[2026-05-01 09:38:33] INFO | train |   epochs: 150
[2026-05-01 09:38:33] INFO | train |   batch: 8
[2026-05-01 09:38:33] INFO | train |   patience: 30
[2026-05-01 09:38:33] INFO | train |   optimizer: AdamW
[2026-05-01 09:38:33] INFO | train |   lr0: 0.001
[2026-05-01 09:38:33] INFO | train |   lrf: 0.01
[2026-05-01 09:38:33] INFO | train |   weight_decay: 0.0005
[2026-05-01 09:38:33] INFO | train |   warmup_epochs: 5
[2026-05-01 09:38:33] INFO | train |   degrees: 10.0
[2026-05-01 09:38:33] INFO | train |   translate: 0.15
[2026-05-01 09:38:33] INFO | train |   scale: 0.5
[2026-05-01 09:38:33] INFO | train |   mosaic: 1.0
[2026-05-01 09:38:33] INFO | train |   mixup: 0.1
[2026-05-01 09:38:33] INFO | train |   copy_paste: 0.1
[2026-05-01 09:38:33] INFO | train |   fliplr: 0.5
[2026-05-01 09:38:33] INFO | train |   flipud: 0.0
[2026-05-01 09:38:33] INFO | train |   cls: 1.0
[2026-05-01 09:38:33] INFO | train |   box: 7.5
[2026-05-01 09:38:33] INFO | train |   dfl: 1.5
[2026-05-01 09:38:33] INFO | train |   iou: 0.6
[2026-05-01 09:38:33] INFO | train |   project: d:\Semester 6\Capstone\runs
[2026-05-01 09:38:33] INFO | train |   name: buahbatu_v1
[2026-05-01 09:38:33] INFO | train |   exist_ok: True
[2026-05-01 09:38:33] INFO | train |   device: 0
[2026-05-01 09:38:33] INFO | train |   workers: 4
[2026-05-01 09:38:33] INFO | train |   verbose: True
[2026-05-01 09:38:33] INFO | train |   plots: True
[2026-05-01 09:38:33] INFO | train | 
🚀 Starting training...
[2026-05-01 10:39:59] INFO | train | 
============================================================
[2026-05-01 10:39:59] INFO | train | 📊 TRAINING RESULTS
[2026-05-01 10:39:59] INFO | train | ============================================================
[2026-05-01 10:39:59] INFO | train |   Best model: D:\Semester 6\Capstone\runs\buahbatu_v1/weights/best.pt
[2026-05-01 10:39:59] INFO | train |   Last model: D:\Semester 6\Capstone\runs\buahbatu_v1/weights/last.pt
[2026-05-01 10:39:59] INFO | train | 
📌 Running validation on test set...
[2026-05-01 10:40:17] INFO | train | 
  mAP@50:    0.4291
[2026-05-01 10:40:17] INFO | train |   mAP@50-95: 0.3430
[2026-05-01 10:40:17] INFO | train | 
  Per-class mAP@50:
[2026-05-01 10:40:17] INFO | train |     Bis mini          : 0.4205
[2026-05-01 10:40:17] INFO | train |     Manusia           : 0.0000
[2026-05-01 10:40:17] INFO | train |     Mobil             : 0.7180
[2026-05-01 10:40:17] INFO | train |     Motor             : 0.4670
[2026-05-01 10:40:17] INFO | train |     Truk berat        : 0.5101
[2026-05-01 10:40:17] INFO | train |     Truk menengah     : 0.1903
[2026-05-01 10:40:17] INFO | train |     Truk ringan       : 0.4383
[2026-05-01 10:40:17] INFO | train |     bus               : 0.0000
[2026-05-01 10:40:17] INFO | train | 
============================================================
[2026-05-01 10:40:17] INFO | train | ✅ Training complete!
[2026-05-01 10:40:17] INFO | train | Next: python scripts/04_evaluate_model.py
[2026-05-01 10:40:17] INFO | train | ============================================================
